Invalid HTTP_HOST header: '127.0.0.1:8000'. You may need to add '127.0.0.1' to ALLOWED_HOSTS.
Traceback (most recent call last):
  File "C:\Users\jlzab\OneDrive\Escritorio\Paginas Web\barrios_saas\venv\Lib\site-packages\django\core\handlers\exception.py", line 55, in inner
    response = get_response(request)
  File "C:\Users\jlzab\OneDrive\Escritorio\Paginas Web\barrios_saas\venv\Lib\site-packages\django\utils\deprecation.py", line 308, in __call__
    response = self.process_request(request)
  File "C:\Users\jlzab\OneDrive\Escritorio\Paginas Web\barrios_saas\venv\Lib\site-packages\django\middleware\security.py", line 28, in process_request
    host = self.redirect_host or request.get_host()
                                 ~~~~~~~~~~~~~~~~^^
  File "C:\Users\jlzab\OneDrive\Escritorio\Paginas Web\barrios_saas\venv\Lib\site-packages\django\http\request.py", line 205, in get_host
    raise DisallowedHost(msg)
django.core.exceptions.DisallowedHost: Invalid HTTP_HOST header: '127.0.0.1:8000'. You may need to add '127.0.0.1' to ALLOWED_HOSTS.
"GET /login/ HTTP/1.1" 400 143
Invalid HTTP_HOST header: '127.0.0.1:8000'. You may need to add '127.0.0.1' to ALLOWED_HOSTS.
Traceback (most recent call last):
  File "C:\Users\jlzab\OneDrive\Escritorio\Paginas Web\barrios_saas\venv\Lib\site-packages\django\core\handlers\exception.py", line 55, in inner
    response = get_response(request)
  File "C:\Users\jlzab\OneDrive\Escritorio\Paginas Web\barrios_saas\venv\Lib\site-packages\django\utils\deprecation.py", line 308, in __call__
    response = self.process_request(request)
  File "C:\Users\jlzab\OneDrive\Escritorio\Paginas Web\barrios_saas\venv\Lib\site-packages\django\middleware\security.py", line 28, in process_request
    host = self.redirect_host or request.get_host()
                                 ~~~~~~~~~~~~~~~~^^
  File "C:\Users\jlzab\OneDrive\Escritorio\Paginas Web\barrios_saas\venv\Lib\site-packages\django\http\request.py", line 205, in get_host
    raise DisallowedHost(msg)
django.core.exceptions.DisallowedHost: Invalid HTTP_HOST header: '127.0.0.1:8000'. You may need to add '127.0.0.1' to ALLOWED_HOSTS.
"GET /login/ HTTP/1.1" 400 143
Invalid HTTP_HOST header: '127.0.0.1:8000'. You may need to add '127.0.0.1' to ALLOWED_HOSTS.
Traceback (most recent call last):
  File "C:\Users\jlzab\OneDrive\Escritorio\Paginas Web\barrios_saas\venv\Lib\site-packages\django\core\handlers\exception.py", line 55, in inner
    response = get_response(request)
  File "C:\Users\jlzab\OneDrive\Escritorio\Paginas Web\barrios_saas\venv\Lib\site-packages\django\utils\deprecation.py", line 308, in __call__
    response = self.process_request(request)
  File "C:\Users\jlzab\OneDrive\Escritorio\Paginas Web\barrios_saas\venv\Lib\site-packages\django\middleware\security.py", line 28, in process_request
    host = self.redirect_host or request.get_host()
                                 ~~~~~~~~~~~~~~~~^^
  File "C:\Users\jlzab\OneDrive\Escritorio\Paginas Web\barrios_saas\venv\Lib\site-packages\django\http\request.py", line 205, in get_host
    raise DisallowedHost(msg)
django.core.exceptions.DisallowedHost: Invalid HTTP_HOST header: '127.0.0.1:8000'. You may need to add '127.0.0.1' to ALLOWED_HOSTS.
"GET /favicon.ico HTTP/1.1" 400 143
Invalid HTTP_HOST header: '127.0.0.1:8000'. You may need to add '127.0.0.1' to ALLOWED_HOSTS.
Traceback (most recent call last):
  File "C:\Users\jlzab\OneDrive\Escritorio\Paginas Web\barrios_saas\venv\Lib\site-packages\django\core\handlers\exception.py", line 55, in inner
    response = get_response(request)
  File "C:\Users\jlzab\OneDrive\Escritorio\Paginas Web\barrios_saas\venv\Lib\site-packages\django\utils\deprecation.py", line 308, in __call__
    response = self.process_request(request)
  File "C:\Users\jlzab\OneDrive\Escritorio\Paginas Web\barrios_saas\venv\Lib\site-packages\django\middleware\security.py", line 28, in process_request
    host = self.redirect_host or request.get_host()
                                 ~~~~~~~~~~~~~~~~^^
  File "C:\Users\jlzab\OneDrive\Escritorio\Paginas Web\barrios_saas\venv\Lib\site-packages\django\http\request.py", line 205, in get_host
    raise DisallowedHost(msg)
django.core.exceptions.DisallowedHost: Invalid HTTP_HOST header: '127.0.0.1:8000'. You may need to add '127.0.0.1' to ALLOWED_HOSTS.
"GET /login/ HTTP/1.1" 400 143
Invalid HTTP_HOST header: '127.0.0.1:8000'. You may need to add '127.0.0.1' to ALLOWED_HOSTS.
Traceback (most recent call last):
  File "C:\Users\jlzab\OneDrive\Escritorio\Paginas Web\barrios_saas\venv\Lib\site-packages\django\core\handlers\exception.py", line 55, in inner
    response = get_response(request)
  File "C:\Users\jlzab\OneDrive\Escritorio\Paginas Web\barrios_saas\venv\Lib\site-packages\django\utils\deprecation.py", line 308, in __call__
    response = self.process_request(request)
  File "C:\Users\jlzab\OneDrive\Escritorio\Paginas Web\barrios_saas\venv\Lib\site-packages\django\middleware\security.py", line 28, in process_request
    host = self.redirect_host or request.get_host()
                                 ~~~~~~~~~~~~~~~~^^
  File "C:\Users\jlzab\OneDrive\Escritorio\Paginas Web\barrios_saas\venv\Lib\site-packages\django\http\request.py", line 205, in get_host
    raise DisallowedHost(msg)
django.core.exceptions.DisallowedHost: Invalid HTTP_HOST header: '127.0.0.1:8000'. You may need to add '127.0.0.1' to ALLOWED_HOSTS.
"GET /favicon.ico HTTP/1.1" 400 143
Invalid HTTP_HOST header: '127.0.0.1:8000'. You may need to add '127.0.0.1' to ALLOWED_HOSTS.
Traceback (most recent call last):
  File "C:\Users\jlzab\OneDrive\Escritorio\Paginas Web\barrios_saas\venv\Lib\site-packages\django\core\handlers\exception.py", line 55, in inner
    response = get_response(request)
  File "C:\Users\jlzab\OneDrive\Escritorio\Paginas Web\barrios_saas\venv\Lib\site-packages\django\utils\deprecation.py", line 308, in __call__
    response = self.process_request(request)
  File "C:\Users\jlzab\OneDrive\Escritorio\Paginas Web\barrios_saas\venv\Lib\site-packages\django\middleware\security.py", line 28, in process_request
    host = self.redirect_host or request.get_host()
                                 ~~~~~~~~~~~~~~~~^^
  File "C:\Users\jlzab\OneDrive\Escritorio\Paginas Web\barrios_saas\venv\Lib\site-packages\django\http\request.py", line 205, in get_host
    raise DisallowedHost(msg)
django.core.exceptions.DisallowedHost: Invalid HTTP_HOST header: '127.0.0.1:8000'. You may need to add '127.0.0.1' to ALLOWED_HOSTS.
"GET /login/ HTTP/1.1" 400 143
Invalid HTTP_HOST header: '127.0.0.1:8000'. You may need to add '127.0.0.1' to ALLOWED_HOSTS.
Traceback (most recent call last):
  File "C:\Users\jlzab\OneDrive\Escritorio\Paginas Web\barrios_saas\venv\Lib\site-packages\django\core\handlers\exception.py", line 55, in inner
    response = get_response(request)
  File "C:\Users\jlzab\OneDrive\Escritorio\Paginas Web\barrios_saas\venv\Lib\site-packages\django\utils\deprecation.py", line 308, in __call__
    response = self.process_request(request)
  File "C:\Users\jlzab\OneDrive\Escritorio\Paginas Web\barrios_saas\venv\Lib\site-packages\django\middleware\security.py", line 28, in process_request
    host = self.redirect_host or request.get_host()
                                 ~~~~~~~~~~~~~~~~^^
  File "C:\Users\jlzab\OneDrive\Escritorio\Paginas Web\barrios_saas\venv\Lib\site-packages\django\http\request.py", line 205, in get_host
    raise DisallowedHost(msg)
django.core.exceptions.DisallowedHost: Invalid HTTP_HOST header: '127.0.0.1:8000'. You may need to add '127.0.0.1' to ALLOWED_HOSTS.
"GET /favicon.ico HTTP/1.1" 400 143
Invalid HTTP_HOST header: '127.0.0.1:8000'. You may need to add '127.0.0.1' to ALLOWED_HOSTS.
Traceback (most recent call last):
  File "C:\Users\jlzab\OneDrive\Escritorio\Paginas Web\barrios_saas\venv\Lib\site-packages\django\core\handlers\exception.py", line 55, in inner
    response = get_response(request)
  File "C:\Users\jlzab\OneDrive\Escritorio\Paginas Web\barrios_saas\venv\Lib\site-packages\django\utils\deprecation.py", line 308, in __call__
    response = self.process_request(request)
  File "C:\Users\jlzab\OneDrive\Escritorio\Paginas Web\barrios_saas\venv\Lib\site-packages\django\middleware\security.py", line 28, in process_request
    host = self.redirect_host or request.get_host()
                                 ~~~~~~~~~~~~~~~~^^
  File "C:\Users\jlzab\OneDrive\Escritorio\Paginas Web\barrios_saas\venv\Lib\site-packages\django\http\request.py", line 205, in get_host
    raise DisallowedHost(msg)
django.core.exceptions.DisallowedHost: Invalid HTTP_HOST header: '127.0.0.1:8000'. You may need to add '127.0.0.1' to ALLOWED_HOSTS.
"GET /login/ HTTP/1.1" 400 143
Invalid HTTP_HOST header: '127.0.0.1:8000'. You may need to add '127.0.0.1' to ALLOWED_HOSTS.
Traceback (most recent call last):
  File "C:\Users\jlzab\OneDrive\Escritorio\Paginas Web\barrios_saas\venv\Lib\site-packages\django\core\handlers\exception.py", line 55, in inner
    response = get_response(request)
  File "C:\Users\jlzab\OneDrive\Escritorio\Paginas Web\barrios_saas\venv\Lib\site-packages\django\utils\deprecation.py", line 308, in __call__
    response = self.process_request(request)
  File "C:\Users\jlzab\OneDrive\Escritorio\Paginas Web\barrios_saas\venv\Lib\site-packages\django\middleware\security.py", line 28, in process_request
    host = self.redirect_host or request.get_host()
                                 ~~~~~~~~~~~~~~~~^^
  File "C:\Users\jlzab\OneDrive\Escritorio\Paginas Web\barrios_saas\venv\Lib\site-packages\django\http\request.py", line 205, in get_host
    raise DisallowedHost(msg)
django.core.exceptions.DisallowedHost: Invalid HTTP_HOST header: '127.0.0.1:8000'. You may need to add '127.0.0.1' to ALLOWED_HOSTS.
"GET /favicon.ico HTTP/1.1" 400 143
Invalid HTTP_HOST header: '127.0.0.1:8000'. You may need to add '127.0.0.1' to ALLOWED_HOSTS.
Traceback (most recent call last):
  File "C:\Users\jlzab\OneDrive\Escritorio\Paginas Web\barrios_saas\venv\Lib\site-packages\django\core\handlers\exception.py", line 55, in inner
    response = get_response(request)
  File "C:\Users\jlzab\OneDrive\Escritorio\Paginas Web\barrios_saas\venv\Lib\site-packages\django\utils\deprecation.py", line 308, in __call__
    response = self.process_request(request)
  File "C:\Users\jlzab\OneDrive\Escritorio\Paginas Web\barrios_saas\venv\Lib\site-packages\django\middleware\security.py", line 28, in process_request
    host = self.redirect_host or request.get_host()
                                 ~~~~~~~~~~~~~~~~^^
  File "C:\Users\jlzab\OneDrive\Escritorio\Paginas Web\barrios_saas\venv\Lib\site-packages\django\http\request.py", line 205, in get_host
    raise DisallowedHost(msg)
django.core.exceptions.DisallowedHost: Invalid HTTP_HOST header: '127.0.0.1:8000'. You may need to add '127.0.0.1' to ALLOWED_HOSTS.
"GET / HTTP/1.1" 400 143
Invalid HTTP_HOST header: '127.0.0.1:8000'. You may need to add '127.0.0.1' to ALLOWED_HOSTS.
Traceback (most recent call last):
  File "C:\Users\jlzab\OneDrive\Escritorio\Paginas Web\barrios_saas\venv\Lib\site-packages\django\core\handlers\exception.py", line 55, in inner
    response = get_response(request)
  File "C:\Users\jlzab\OneDrive\Escritorio\Paginas Web\barrios_saas\venv\Lib\site-packages\django\utils\deprecation.py", line 308, in __call__
    response = self.process_request(request)
  File "C:\Users\jlzab\OneDrive\Escritorio\Paginas Web\barrios_saas\venv\Lib\site-packages\django\middleware\security.py", line 28, in process_request
    host = self.redirect_host or request.get_host()
                                 ~~~~~~~~~~~~~~~~^^
  File "C:\Users\jlzab\OneDrive\Escritorio\Paginas Web\barrios_saas\venv\Lib\site-packages\django\http\request.py", line 205, in get_host
    raise DisallowedHost(msg)
django.core.exceptions.DisallowedHost: Invalid HTTP_HOST header: '127.0.0.1:8000'. You may need to add '127.0.0.1' to ALLOWED_HOSTS.
"GET /favicon.ico HTTP/1.1" 400 143
Invalid HTTP_HOST header: 'localhost:8000'. You may need to add 'localhost' to ALLOWED_HOSTS.
Traceback (most recent call last):
  File "C:\Users\jlzab\OneDrive\Escritorio\Paginas Web\barrios_saas\venv\Lib\site-packages\django\core\handlers\exception.py", line 55, in inner
    response = get_response(request)
  File "C:\Users\jlzab\OneDrive\Escritorio\Paginas Web\barrios_saas\venv\Lib\site-packages\django\utils\deprecation.py", line 308, in __call__
    response = self.process_request(request)
  File "C:\Users\jlzab\OneDrive\Escritorio\Paginas Web\barrios_saas\venv\Lib\site-packages\django\middleware\security.py", line 28, in process_request
    host = self.redirect_host or request.get_host()
                                 ~~~~~~~~~~~~~~~~^^
  File "C:\Users\jlzab\OneDrive\Escritorio\Paginas Web\barrios_saas\venv\Lib\site-packages\django\http\request.py", line 205, in get_host
    raise DisallowedHost(msg)
django.core.exceptions.DisallowedHost: Invalid HTTP_HOST header: 'localhost:8000'. You may need to add 'localhost' to ALLOWED_HOSTS.
"GET / HTTP/1.1" 400 143
Invalid HTTP_HOST header: 'localhost:8000'. You may need to add 'localhost' to ALLOWED_HOSTS.
Traceback (most recent call last):
  File "C:\Users\jlzab\OneDrive\Escritorio\Paginas Web\barrios_saas\venv\Lib\site-packages\django\core\handlers\exception.py", line 55, in inner
    response = get_response(request)
  File "C:\Users\jlzab\OneDrive\Escritorio\Paginas Web\barrios_saas\venv\Lib\site-packages\django\utils\deprecation.py", line 308, in __call__
    response = self.process_request(request)
  File "C:\Users\jlzab\OneDrive\Escritorio\Paginas Web\barrios_saas\venv\Lib\site-packages\django\middleware\security.py", line 28, in process_request
    host = self.redirect_host or request.get_host()
                                 ~~~~~~~~~~~~~~~~^^
  File "C:\Users\jlzab\OneDrive\Escritorio\Paginas Web\barrios_saas\venv\Lib\site-packages\django\http\request.py", line 205, in get_host
    raise DisallowedHost(msg)
django.core.exceptions.DisallowedHost: Invalid HTTP_HOST header: 'localhost:8000'. You may need to add 'localhost' to ALLOWED_HOSTS.
"GET /favicon.ico HTTP/1.1" 400 143
Invalid HTTP_HOST header: 'localhost:8000'. You may need to add 'localhost' to ALLOWED_HOSTS.
Traceback (most recent call last):
  File "C:\Users\jlzab\OneDrive\Escritorio\Paginas Web\barrios_saas\venv\Lib\site-packages\django\core\handlers\exception.py", line 55, in inner
    response = get_response(request)
  File "C:\Users\jlzab\OneDrive\Escritorio\Paginas Web\barrios_saas\venv\Lib\site-packages\django\utils\deprecation.py", line 308, in __call__
    response = self.process_request(request)
  File "C:\Users\jlzab\OneDrive\Escritorio\Paginas Web\barrios_saas\venv\Lib\site-packages\django\middleware\security.py", line 28, in process_request
    host = self.redirect_host or request.get_host()
                                 ~~~~~~~~~~~~~~~~^^
  File "C:\Users\jlzab\OneDrive\Escritorio\Paginas Web\barrios_saas\venv\Lib\site-packages\django\http\request.py", line 205, in get_host
    raise DisallowedHost(msg)
django.core.exceptions.DisallowedHost: Invalid HTTP_HOST header: 'localhost:8000'. You may need to add 'localhost' to ALLOWED_HOSTS.
"GET / HTTP/1.1" 400 77289
Invalid HTTP_HOST header: 'localhost:8000'. You may need to add 'localhost' to ALLOWED_HOSTS.
Traceback (most recent call last):
  File "C:\Users\jlzab\OneDrive\Escritorio\Paginas Web\barrios_saas\venv\Lib\site-packages\django\core\handlers\exception.py", line 55, in inner
    response = get_response(request)
  File "C:\Users\jlzab\OneDrive\Escritorio\Paginas Web\barrios_saas\venv\Lib\site-packages\django\utils\deprecation.py", line 308, in __call__
    response = self.process_request(request)
  File "C:\Users\jlzab\OneDrive\Escritorio\Paginas Web\barrios_saas\venv\Lib\site-packages\django\middleware\security.py", line 28, in process_request
    host = self.redirect_host or request.get_host()
                                 ~~~~~~~~~~~~~~~~^^
  File "C:\Users\jlzab\OneDrive\Escritorio\Paginas Web\barrios_saas\venv\Lib\site-packages\django\http\request.py", line 205, in get_host
    raise DisallowedHost(msg)
django.core.exceptions.DisallowedHost: Invalid HTTP_HOST header: 'localhost:8000'. You may need to add 'localhost' to ALLOWED_HOSTS.
"GET /favicon.ico HTTP/1.1" 400 77088
Invalid HTTP_HOST header: '127.0.0.1:8000'. You may need to add '127.0.0.1' to ALLOWED_HOSTS.
Traceback (most recent call last):
  File "C:\Users\jlzab\OneDrive\Escritorio\Paginas Web\barrios_saas\venv\Lib\site-packages\django\core\handlers\exception.py", line 55, in inner
    response = get_response(request)
  File "C:\Users\jlzab\OneDrive\Escritorio\Paginas Web\barrios_saas\venv\Lib\site-packages\django\utils\deprecation.py", line 308, in __call__
    response = self.process_request(request)
  File "C:\Users\jlzab\OneDrive\Escritorio\Paginas Web\barrios_saas\venv\Lib\site-packages\django\middleware\security.py", line 28, in process_request
    host = self.redirect_host or request.get_host()
                                 ~~~~~~~~~~~~~~~~^^
  File "C:\Users\jlzab\OneDrive\Escritorio\Paginas Web\barrios_saas\venv\Lib\site-packages\django\http\request.py", line 205, in get_host
    raise DisallowedHost(msg)
django.core.exceptions.DisallowedHost: Invalid HTTP_HOST header: '127.0.0.1:8000'. You may need to add '127.0.0.1' to ALLOWED_HOSTS.
"GET /favicon.ico HTTP/1.1" 400 77560
Invalid HTTP_HOST header: '127.0.0.1:8000'. You may need to add '127.0.0.1' to ALLOWED_HOSTS.
Traceback (most recent call last):
  File "C:\Users\jlzab\OneDrive\Escritorio\Paginas Web\barrios_saas\venv\Lib\site-packages\django\core\handlers\exception.py", line 55, in inner
    response = get_response(request)
  File "C:\Users\jlzab\OneDrive\Escritorio\Paginas Web\barrios_saas\venv\Lib\site-packages\django\utils\deprecation.py", line 308, in __call__
    response = self.process_request(request)
  File "C:\Users\jlzab\OneDrive\Escritorio\Paginas Web\barrios_saas\venv\Lib\site-packages\django\middleware\security.py", line 28, in process_request
    host = self.redirect_host or request.get_host()
                                 ~~~~~~~~~~~~~~~~^^
  File "C:\Users\jlzab\OneDrive\Escritorio\Paginas Web\barrios_saas\venv\Lib\site-packages\django\http\request.py", line 205, in get_host
    raise DisallowedHost(msg)
django.core.exceptions.DisallowedHost: Invalid HTTP_HOST header: '127.0.0.1:8000'. You may need to add '127.0.0.1' to ALLOWED_HOSTS.
"GET /login/ HTTP/1.1" 400 77939
Invalid HTTP_HOST header: '127.0.0.1:8000'. You may need to add '127.0.0.1' to ALLOWED_HOSTS.
Traceback (most recent call last):
  File "C:\Users\jlzab\OneDrive\Escritorio\Paginas Web\barrios_saas\venv\Lib\site-packages\django\core\handlers\exception.py", line 55, in inner
    response = get_response(request)
  File "C:\Users\jlzab\OneDrive\Escritorio\Paginas Web\barrios_saas\venv\Lib\site-packages\django\utils\deprecation.py", line 308, in __call__
    response = self.process_request(request)
  File "C:\Users\jlzab\OneDrive\Escritorio\Paginas Web\barrios_saas\venv\Lib\site-packages\django\middleware\security.py", line 28, in process_request
    host = self.redirect_host or request.get_host()
                                 ~~~~~~~~~~~~~~~~^^
  File "C:\Users\jlzab\OneDrive\Escritorio\Paginas Web\barrios_saas\venv\Lib\site-packages\django\http\request.py", line 205, in get_host
    raise DisallowedHost(msg)
django.core.exceptions.DisallowedHost: Invalid HTTP_HOST header: '127.0.0.1:8000'. You may need to add '127.0.0.1' to ALLOWED_HOSTS.
"GET /login/ HTTP/1.1" 400 77795
Invalid HTTP_HOST header: '127.0.0.1:8000'. You may need to add '127.0.0.1' to ALLOWED_HOSTS.
Traceback (most recent call last):
  File "C:\Users\jlzab\OneDrive\Escritorio\Paginas Web\barrios_saas\venv\Lib\site-packages\django\core\handlers\exception.py", line 55, in inner
    response = get_response(request)
  File "C:\Users\jlzab\OneDrive\Escritorio\Paginas Web\barrios_saas\venv\Lib\site-packages\django\utils\deprecation.py", line 308, in __call__
    response = self.process_request(request)
  File "C:\Users\jlzab\OneDrive\Escritorio\Paginas Web\barrios_saas\venv\Lib\site-packages\django\middleware\security.py", line 28, in process_request
    host = self.redirect_host or request.get_host()
                                 ~~~~~~~~~~~~~~~~^^
  File "C:\Users\jlzab\OneDrive\Escritorio\Paginas Web\barrios_saas\venv\Lib\site-packages\django\http\request.py", line 205, in get_host
    raise DisallowedHost(msg)
django.core.exceptions.DisallowedHost: Invalid HTTP_HOST header: '127.0.0.1:8000'. You may need to add '127.0.0.1' to ALLOWED_HOSTS.
"GET /favicon.ico HTTP/1.1" 400 77566
Not Found: /favicon.ico
"GET /favicon.ico HTTP/1.1" 404 16327
Internal Server Error: /login/
Traceback (most recent call last):
  File "C:\Users\jlzab\OneDrive\Escritorio\Paginas Web\barrios_saas\venv\Lib\site-packages\django\db\backends\utils.py", line 105, in _execute
    return self.cursor.execute(sql, params)
           ~~~~~~~~~~~~~~~~~~~^^^^^^^^^^^^^
  File "C:\Users\jlzab\OneDrive\Escritorio\Paginas Web\barrios_saas\venv\Lib\site-packages\django\db\backends\sqlite3\base.py", line 359, in execute
    return super().execute(query, params)
           ~~~~~~~~~~~~~~~^^^^^^^^^^^^^^^
sqlite3.OperationalError: no such table: axes_accesslog

The above exception was the direct cause of the following exception:

Traceback (most recent call last):
  File "C:\Users\jlzab\OneDrive\Escritorio\Paginas Web\barrios_saas\venv\Lib\site-packages\django\core\handlers\exception.py", line 55, in inner
    response = get_response(request)
  File "C:\Users\jlzab\OneDrive\Escritorio\Paginas Web\barrios_saas\venv\Lib\site-packages\django\core\handlers\base.py", line 198, in _get_response
    response = wrapped_callback(request, *callback_args, **callback_kwargs)
  File "C:\Users\jlzab\OneDrive\Escritorio\Paginas Web\barrios_saas\core\views.py", line 183, in login_view
    login(request, user)
    ~~~~~^^^^^^^^^^^^^^^
  File "C:\Users\jlzab\OneDrive\Escritorio\Paginas Web\barrios_saas\venv\Lib\site-packages\django\contrib\auth\__init__.py", line 197, in login
    user_logged_in.send(sender=user.__class__, request=request, user=user)
    ~~~~~~~~~~~~~~~~~~~^^^^^^^^^^^^^^^^^^^^^^^^^^^^^^^^^^^^^^^^^^^^^^^^^^^
  File "C:\Users\jlzab\OneDrive\Escritorio\Paginas Web\barrios_saas\venv\Lib\site-packages\django\dispatch\dispatcher.py", line 209, in send
    response = receiver(signal=self, sender=sender, **named)
  File "C:\Users\jlzab\OneDrive\Escritorio\Paginas Web\barrios_saas\venv\Lib\site-packages\axes\signals.py", line 33, in handle_user_logged_in
    AxesProxyHandler.user_logged_in(*args, **kwargs)
    ~~~~~~~~~~~~~~~~~~~~~~~~~~~~~~~^^^^^^^^^^^^^^^^^
  File "C:\Users\jlzab\OneDrive\Escritorio\Paginas Web\barrios_saas\venv\Lib\site-packages\axes\helpers.py", line 646, in inner
    return func(*args, **kwargs)
  File "C:\Users\jlzab\OneDrive\Escritorio\Paginas Web\barrios_saas\venv\Lib\site-packages\axes\handlers\proxy.py", line 127, in user_logged_in
    return cls.get_implementation().user_logged_in(sender, request, user, **kwargs)
           ~~~~~~~~~~~~~~~~~~~~~~~~~~~~~~~~~~~~~~~^^^^^^^^^^^^^^^^^^^^^^^^^^^^^^^^^
  File "C:\Users\jlzab\OneDrive\Escritorio\Paginas Web\barrios_saas\venv\Lib\site-packages\axes\handlers\database.py", line 302, in user_logged_in
    AccessLog.objects.create(
    ~~~~~~~~~~~~~~~~~~~~~~~~^
        username=username,
        ^^^^^^^^^^^^^^^^^^
    ...<7 lines>...
        session_hash=get_client_session_hash(request),
        ^^^^^^^^^^^^^^^^^^^^^^^^^^^^^^^^^^^^^^^^^^^^^^
    )
    ^
  File "C:\Users\jlzab\OneDrive\Escritorio\Paginas Web\barrios_saas\venv\Lib\site-packages\django\db\models\manager.py", line 87, in manager_method
    return getattr(self.get_queryset(), name)(*args, **kwargs)
           ~~~~~~~~~~~~~~~~~~~~~~~~~~~~~~~~~~^^^^^^^^^^^^^^^^^
  File "C:\Users\jlzab\OneDrive\Escritorio\Paginas Web\barrios_saas\venv\Lib\site-packages\django\db\models\query.py", line 669, in create
    obj.save(force_insert=True, using=self.db)
    ~~~~~~~~^^^^^^^^^^^^^^^^^^^^^^^^^^^^^^^^^^
  File "C:\Users\jlzab\OneDrive\Escritorio\Paginas Web\barrios_saas\venv\Lib\site-packages\django\db\models\base.py", line 874, in save
    self.save_base(
    ~~~~~~~~~~~~~~^
        using=using,
        ^^^^^^^^^^^^
    ...<2 lines>...
        update_fields=update_fields,
        ^^^^^^^^^^^^^^^^^^^^^^^^^^^^
    )
    ^
  File "C:\Users\jlzab\OneDrive\Escritorio\Paginas Web\barrios_saas\venv\Lib\site-packages\django\db\models\base.py", line 966, in save_base
    updated = self._save_table(
        raw,
    ...<4 lines>...
        update_fields,
    )
  File "C:\Users\jlzab\OneDrive\Escritorio\Paginas Web\barrios_saas\venv\Lib\site-packages\django\db\models\base.py", line 1169, in _save_table
    results = self._do_insert(
        cls._base_manager, using, insert_fields, returning_fields, raw
    )
  File "C:\Users\jlzab\OneDrive\Escritorio\Paginas Web\barrios_saas\venv\Lib\site-packages\django\db\models\base.py", line 1220, in _do_insert
    return manager._insert(
           ~~~~~~~~~~~~~~~^
        [self],
        ^^^^^^^
    ...<3 lines>...
        raw=raw,
        ^^^^^^^^
    )
    ^
  File "C:\Users\jlzab\OneDrive\Escritorio\Paginas Web\barrios_saas\venv\Lib\site-packages\django\db\models\manager.py", line 87, in manager_method
    return getattr(self.get_queryset(), name)(*args, **kwargs)
           ~~~~~~~~~~~~~~~~~~~~~~~~~~~~~~~~~~^^^^^^^^^^^^^^^^^
  File "C:\Users\jlzab\OneDrive\Escritorio\Paginas Web\barrios_saas\venv\Lib\site-packages\django\db\models\query.py", line 1918, in _insert
    return query.get_compiler(using=using).execute_sql(returning_fields)
           ~~~~~~~~~~~~~~~~~~~~~~~~~~~~~~~~~~~~~~~~~~~^^^^^^^^^^^^^^^^^^
  File "C:\Users\jlzab\OneDrive\Escritorio\Paginas Web\barrios_saas\venv\Lib\site-packages\django\db\models\sql\compiler.py", line 1925, in execute_sql
    cursor.execute(sql, params)
    ~~~~~~~~~~~~~~^^^^^^^^^^^^^
  File "C:\Users\jlzab\OneDrive\Escritorio\Paginas Web\barrios_saas\venv\Lib\site-packages\django\db\backends\utils.py", line 122, in execute
    return super().execute(sql, params)
           ~~~~~~~~~~~~~~~^^^^^^^^^^^^^
  File "C:\Users\jlzab\OneDrive\Escritorio\Paginas Web\barrios_saas\venv\Lib\site-packages\django\db\backends\utils.py", line 79, in execute
    return self._execute_with_wrappers(
           ~~~~~~~~~~~~~~~~~~~~~~~~~~~^
        sql, params, many=False, executor=self._execute
        ^^^^^^^^^^^^^^^^^^^^^^^^^^^^^^^^^^^^^^^^^^^^^^^
    )
    ^
  File "C:\Users\jlzab\OneDrive\Escritorio\Paginas Web\barrios_saas\venv\Lib\site-packages\django\db\backends\utils.py", line 92, in _execute_with_wrappers
    return executor(sql, params, many, context)
  File "C:\Users\jlzab\OneDrive\Escritorio\Paginas Web\barrios_saas\venv\Lib\site-packages\django\db\backends\utils.py", line 100, in _execute
    with self.db.wrap_database_errors:
         ^^^^^^^^^^^^^^^^^^^^^^^^^^^^
  File "C:\Users\jlzab\OneDrive\Escritorio\Paginas Web\barrios_saas\venv\Lib\site-packages\django\db\utils.py", line 94, in __exit__
    raise dj_exc_value.with_traceback(traceback) from exc_value
  File "C:\Users\jlzab\OneDrive\Escritorio\Paginas Web\barrios_saas\venv\Lib\site-packages\django\db\backends\utils.py", line 105, in _execute
    return self.cursor.execute(sql, params)
           ~~~~~~~~~~~~~~~~~~~^^^^^^^^^^^^^
  File "C:\Users\jlzab\OneDrive\Escritorio\Paginas Web\barrios_saas\venv\Lib\site-packages\django\db\backends\sqlite3\base.py", line 359, in execute
    return super().execute(query, params)
           ~~~~~~~~~~~~~~~^^^^^^^^^^^^^^^
django.db.utils.OperationalError: no such table: axes_accesslog
"POST /login/ HTTP/1.1" 500 202068
"GET /static/img/icon-192.png HTTP/1.1" 404 1862
"GET /static/img/icon-192.png HTTP/1.1" 404 1862
"GET /static/img/icon-192.png HTTP/1.1" 404 1862
"GET /static/img/icon-192.png HTTP/1.1" 404 1862
"GET /static/img/icon-192.png HTTP/1.1" 404 1862
"GET /static/img/icon-192.png HTTP/1.1" 404 1862
"GET /static/img/icon-192.png HTTP/1.1" 404 1862
"GET /static/img/icon-192.png HTTP/1.1" 404 1862
"GET /static/img/icon-192.png HTTP/1.1" 404 1862
"GET /static/img/icon-192.png HTTP/1.1" 404 1862
"GET /static/img/icon-192.png HTTP/1.1" 404 1862
"GET /static/img/icon-192.png HTTP/1.1" 404 1862
"GET /static/img/icon-192.png HTTP/1.1" 404 1862
"GET /static/img/icon-192.png HTTP/1.1" 404 1862
"GET /static/img/icon-192.png HTTP/1.1" 404 1862
"GET /static/img/icon-192.png HTTP/1.1" 404 1862
"GET /static/img/icon-192.png HTTP/1.1" 404 1862
"GET /static/img/icon-192.png HTTP/1.1" 404 1862
"GET /static/img/icon-192.png HTTP/1.1" 404 1862
"GET /static/img/icon-192.png HTTP/1.1" 404 1862
"GET /static/img/icon-192.png HTTP/1.1" 404 1862
"GET /static/img/icon-192.png HTTP/1.1" 404 1862
"GET /static/img/icon-192.png HTTP/1.1" 404 1862
"GET /static/img/icon-192.png HTTP/1.1" 404 1862
"GET /static/img/icon-192.png HTTP/1.1" 404 1862
Not Found: /favicon.ico
"GET /favicon.ico HTTP/1.1" 404 16327
"GET /static/img/icon-192.png HTTP/1.1" 404 1862
"GET /static/img/icon-192.png HTTP/1.1" 404 1862
"GET /static/img/icon-192.png HTTP/1.1" 404 1862
"GET /static/img/icon-192.png HTTP/1.1" 404 1862
